  Source.cpp
C:\Users\dreve\source\repos\Quadratic Interpolation\Quadratic Interpolation\Source.cpp(35,15): warning C4244: 'initializing': conversion from '_Ty' to 'float', possible loss of data
C:\Users\dreve\source\repos\Quadratic Interpolation\Quadratic Interpolation\Source.cpp(35,15): warning C4244:         with
C:\Users\dreve\source\repos\Quadratic Interpolation\Quadratic Interpolation\Source.cpp(35,15): warning C4244:         [
C:\Users\dreve\source\repos\Quadratic Interpolation\Quadratic Interpolation\Source.cpp(35,15): warning C4244:             _Ty=double
C:\Users\dreve\source\repos\Quadratic Interpolation\Quadratic Interpolation\Source.cpp(35,15): warning C4244:         ]
C:\Users\dreve\source\repos\Quadratic Interpolation\Quadratic Interpolation\Source.cpp(40,14): warning C4244: 'initializing': conversion from '_Ty' to 'float', possible loss of data
C:\Users\dreve\source\repos\Quadratic Interpolation\Quadratic Interpolation\Source.cpp(40,14): warning C4244:         with
C:\Users\dreve\source\repos\Quadratic Interpolation\Quadratic Interpolation\Source.cpp(40,14): warning C4244:         [
C:\Users\dreve\source\repos\Quadratic Interpolation\Quadratic Interpolation\Source.cpp(40,14): warning C4244:             _Ty=double
C:\Users\dreve\source\repos\Quadratic Interpolation\Quadratic Interpolation\Source.cpp(40,14): warning C4244:         ]
C:\Users\dreve\source\repos\Quadratic Interpolation\Quadratic Interpolation\Source.cpp(45,15): warning C4244: 'initializing': conversion from '_Ty' to 'float', possible loss of data
C:\Users\dreve\source\repos\Quadratic Interpolation\Quadratic Interpolation\Source.cpp(45,15): warning C4244:         with
C:\Users\dreve\source\repos\Quadratic Interpolation\Quadratic Interpolation\Source.cpp(45,15): warning C4244:         [
C:\Users\dreve\source\repos\Quadratic Interpolation\Quadratic Interpolation\Source.cpp(45,15): warning C4244:             _Ty=double
C:\Users\dreve\source\repos\Quadratic Interpolation\Quadratic Interpolation\Source.cpp(45,15): warning C4244:         ]
C:\Users\dreve\source\repos\Quadratic Interpolation\Quadratic Interpolation\Source.cpp(98,10): warning C4244: 'initializing': conversion from '_Ty' to 'float', possible loss of data
C:\Users\dreve\source\repos\Quadratic Interpolation\Quadratic Interpolation\Source.cpp(98,10): warning C4244:         with
C:\Users\dreve\source\repos\Quadratic Interpolation\Quadratic Interpolation\Source.cpp(98,10): warning C4244:         [
C:\Users\dreve\source\repos\Quadratic Interpolation\Quadratic Interpolation\Source.cpp(98,10): warning C4244:             _Ty=double
C:\Users\dreve\source\repos\Quadratic Interpolation\Quadratic Interpolation\Source.cpp(98,10): warning C4244:         ]
  Quadratic Interpolation.vcxproj -> C:\Users\dreve\source\repos\Quadratic Interpolation\Debug\Quadratic Interpolation.exe
